<?xml version="1.0" encoding="UTF-8"?>
<!-- Generated by org.testng.reporters.JUnitReportReporter -->
<testsuite skipped="0" hostname="DESKTOP-E3G9U4S" name="com.jbk.demotest12" tests="1" failures="0" timestamp="19 Jun 2024 16:48:17 GMT" time="9.807" errors="0">
  <testcase name="test01" time="9.807" classname="com.jbk.demotest12"/>
</testsuite> <!-- com.jbk.demotest12 -->
